2025/05/05 22:55:46 Scraping complete!
2025/05/05 22:55:51 Scraping complete!
2025/05/05 22:55:56 Scraping complete!
2025/05/05 22:56:01 Scraping complete!
2025/05/05 22:56:05 Received interrupt signal, shutting down AlphaView server...
2025/05/05 22:56:06 Exiting News Refresh Process
2025/05/05 22:56:06 Error starting server: http: Server closed
2025/05/05 22:56:06 Running AlphaView server on port  8080 ... Press Ctrl+C to kill.
2025/05/05 22:56:06 Server shut down gracefully.
2025/05/05 23:06:27 Scraping complete!
2025/05/05 23:06:32 Scraping complete!
2025/05/05 23:06:34 Received interrupt signal, shutting down AlphaView server...
2025/05/05 23:06:37 Exiting News Refresh Process
2025/05/05 23:06:37 Error starting server: http: Server closed
2025/05/05 23:06:37 Server shut down gracefully.
2025/05/05 23:07:49 Scraping complete!
2025/05/05 23:07:54 Scraping complete!
2025/05/05 23:07:55 Received interrupt signal, shutting down AlphaView server...
2025/05/05 23:07:59 Exiting News Refresh Process
2025/05/05 23:07:59 Error starting server: http: Server closed
2025/05/05 23:07:59 Running AlphaView server on port  8080 ... Press Ctrl+C to kill.
2025/05/05 23:07:59 Server shut down gracefully.
2025/05/05 23:09:05 Scraping complete!
2025/05/05 23:09:10 Received interrupt signal, shutting down AlphaView server...
2025/05/05 23:09:10 Scraping complete!
2025/05/05 23:09:15 Exiting News Refresh Process
2025/05/05 23:09:15 Error starting server: http: Server closed
2025/05/05 23:09:15 Running AlphaView server on port8080... Press Ctrl+C to kill.
2025/05/05 23:09:15 Server shut down gracefully.
2025/05/05 23:13:39 Scraping complete!
2025/05/05 23:13:41 Received interrupt signal, shutting down AlphaView server...
2025/05/05 23:13:41 Error starting server: http: Server closed
2025/05/05 23:13:41 Running AlphaView server on port 8080... Press Ctrl+C to kill.
2025/05/05 23:13:41 Server shut down gracefully.
2025/05/05 23:15:02 Scraping complete!
2025/05/05 23:15:03 Received interrupt signal, shutting down AlphaView server...
2025/05/05 23:15:03 Error starting server: http: Server closed
2025/05/05 23:15:03 Running AlphaView server on port 8080... Press Ctrl+C to kill.
2025/05/05 23:15:03 Server shut down gracefully.
